<?xml version="1.0" encoding="UTF-8"?>
<!-- Generated by org.testng.reporters.JUnitReportReporter -->
<testsuite hostname="Uday" failures="0" tests="1" name="com.zohocrm.testscript.HomePage" time="7.205" errors="0" timestamp="2023-09-13T16:02:59 IST" skipped="0">
  <testcase classname="com.zohocrm.testscript.HomePage" name="testHomePage" time="7.205"/>
  <system-out>
    <![CDATA[homePage]]>
  </system-out>
</testsuite> <!-- com.zohocrm.testscript.HomePage -->
